* 2016/02/15 15:38:33 - dryxPython.logs - ERROR (/misc/pessto/git_repos/dryxPython/dryxPython/mysql/__init__.py > execute_mysql_write_query > 175) - MySQL write command not executed for this query: << 
                        INSERT DELAYED into tcs_cross_matches (
                           transient_object_id,
                           catalogue_object_id,
                           catalogue_table_id,
                           catalogue_view_id,
                           catalogue_object_ra,
                           catalogue_object_dec,
                           catalogue_object_mag,
                           catalogue_object_filter,
                           original_search_radius_arcsec,
                           separation,
                           z,
                           scale,
                           distance,
                           distance_modulus,
                           date_added,
                           association_type,
                           physical_separation_kpc,
                           catalogue_object_type,
                           catalogue_object_subtype,
                           catalogue_table_name,
                           catalogue_view_name,
                           search_name,
                           major_axis_arcsec,
                           direct_distance,
                           direct_distance_scale,
                           direct_distance_modulus
                           )
                        values (
                           %s,
                           "%s",
                           %s,
                           %s,
                           %s,
                           %s,
                           "%s",
                           %s,
                           %s,
                           %s,
                           %s,
                           %s,
                           %s,
                           %s,
                           "%s",
                           "%s",
                           %s,
                           "%s",
                           %s,
                           "%s",
                           "%s",
                           "%s",
                           %s,
                           %s,
                           %s,
                           %s)
                         >>
The error was: (1616, "DELAYED option not supported for table 'tcs_cross_matches'")   
